mode: set
github.com/scrutineer/scrutineer/connector/browser/cdp/client.go:26.63,28.16 2 1
github.com/scrutineer/scrutineer/connector/browser/cdp/client.go:28.16,30.3 1 0
github.com/scrutineer/scrutineer/connector/browser/cdp/client.go:32.2,41.15 4 1
github.com/scrutineer/scrutineer/connector/browser/cdp/client.go:45.29,46.30 1 1
github.com/scrutineer/scrutineer/connector/browser/cdp/client.go:46.30,46.47 1 1
github.com/scrutineer/scrutineer/connector/browser/cdp/client.go:48.2,48.6 1 1
github.com/scrutineer/scrutineer/connector/browser/cdp/client.go:48.6,50.17 2 1
github.com/scrutineer/scrutineer/connector/browser/cdp/client.go:50.17,55.46 4 1
github.com/scrutineer/scrutineer/connector/browser/cdp/client.go:55.46,57.12 2 0
github.com/scrutineer/scrutineer/connector/browser/cdp/client.go:58.66,58.66 0 0
github.com/scrutineer/scrutineer/connector/browser/cdp/client.go:59.13,59.13 0 0
github.com/scrutineer/scrutineer/connector/browser/cdp/client.go:61.5,61.16 1 0
github.com/scrutineer/scrutineer/connector/browser/cdp/client.go:63.4,63.10 1 1
github.com/scrutineer/scrutineer/connector/browser/cdp/client.go:66.3,67.52 2 1
github.com/scrutineer/scrutineer/connector/browser/cdp/client.go:67.52,68.12 1 1
github.com/scrutineer/scrutineer/connector/browser/cdp/client.go:72.3,72.18 1 1
github.com/scrutineer/scrutineer/connector/browser/cdp/client.go:72.18,73.53 1 1
github.com/scrutineer/scrutineer/connector/browser/cdp/client.go:73.53,75.5 1 1
github.com/scrutineer/scrutineer/connector/browser/cdp/client.go:76.4,76.12 1 1
github.com/scrutineer/scrutineer/connector/browser/cdp/client.go:80.3,80.23 1 1
github.com/scrutineer/scrutineer/connector/browser/cdp/client.go:80.23,82.4 1 1
github.com/scrutineer/scrutineer/connector/browser/cdp/client.go:87.46,95.21 6 1
github.com/scrutineer/scrutineer/connector/browser/cdp/client.go:95.21,97.3 1 0
github.com/scrutineer/scrutineer/connector/browser/cdp/client.go:99.2,100.23 2 1
github.com/scrutineer/scrutineer/connector/browser/cdp/client.go:100.23,102.3 1 0
github.com/scrutineer/scrutineer/connector/browser/cdp/client.go:104.2,104.26 1 1
github.com/scrutineer/scrutineer/connector/browser/cdp/client.go:104.26,106.3 1 1
github.com/scrutineer/scrutineer/connector/browser/cdp/client.go:110.85,112.2 1 1
github.com/scrutineer/scrutineer/connector/browser/cdp/client.go:115.114,116.9 1 1
github.com/scrutineer/scrutineer/connector/browser/cdp/client.go:117.16,121.17 4 1
github.com/scrutineer/scrutineer/connector/browser/cdp/client.go:121.17,123.4 1 1
github.com/scrutineer/scrutineer/connector/browser/cdp/client.go:124.3,124.51 1 1
github.com/scrutineer/scrutineer/connector/browser/cdp/client.go:125.10,125.10 0 1
github.com/scrutineer/scrutineer/connector/browser/cdp/client.go:128.2,134.21 3 1
github.com/scrutineer/scrutineer/connector/browser/cdp/client.go:134.21,136.3 1 0
github.com/scrutineer/scrutineer/connector/browser/cdp/client.go:138.2,138.19 1 1
github.com/scrutineer/scrutineer/connector/browser/cdp/client.go:138.19,140.17 2 1
github.com/scrutineer/scrutineer/connector/browser/cdp/client.go:140.17,142.4 1 1
github.com/scrutineer/scrutineer/connector/browser/cdp/client.go:143.3,143.19 1 0
github.com/scrutineer/scrutineer/connector/browser/cdp/client.go:146.2,147.16 2 1
github.com/scrutineer/scrutineer/connector/browser/cdp/client.go:147.16,149.3 1 0
github.com/scrutineer/scrutineer/connector/browser/cdp/client.go:151.2,155.45 4 1
github.com/scrutineer/scrutineer/connector/browser/cdp/client.go:155.45,157.3 1 0
github.com/scrutineer/scrutineer/connector/browser/cdp/client.go:159.2,160.23 2 1
github.com/scrutineer/scrutineer/connector/browser/cdp/client.go:160.23,162.3 1 0
github.com/scrutineer/scrutineer/connector/browser/cdp/client.go:164.2,165.24 2 1
github.com/scrutineer/scrutineer/connector/browser/cdp/client.go:165.24,166.62 1 1
github.com/scrutineer/scrutineer/connector/browser/cdp/client.go:166.62,168.4 1 1
github.com/scrutineer/scrutineer/connector/browser/cdp/client.go:171.2,171.20 1 0
github.com/scrutineer/scrutineer/connector/browser/cdp/client.go:175.79,179.2 3 1
github.com/scrutineer/scrutineer/connector/browser/cdp/client.go:182.32,183.24 1 1
github.com/scrutineer/scrutineer/connector/browser/cdp/client.go:183.24,183.41 1 1
github.com/scrutineer/scrutineer/connector/browser/cdp/client.go:184.2,184.21 1 1
github.com/scrutineer/scrutineer/connector/browser/cdp/client.go:188.41,190.2 1 1
github.com/scrutineer/scrutineer/connector/browser/cdp/protocol.go:29.36,30.18 1 0
github.com/scrutineer/scrutineer/connector/browser/cdp/protocol.go:30.18,32.3 1 0
github.com/scrutineer/scrutineer/connector/browser/cdp/protocol.go:33.2,33.18 1 0
github.com/scrutineer/scrutineer/connector/browser/cdp/session.go:13.64,18.16 2 0
github.com/scrutineer/scrutineer/connector/browser/cdp/session.go:18.16,20.3 1 0
github.com/scrutineer/scrutineer/connector/browser/cdp/session.go:22.2,23.9 2 0
github.com/scrutineer/scrutineer/connector/browser/cdp/session.go:23.9,25.3 1 0
github.com/scrutineer/scrutineer/connector/browser/cdp/session.go:27.2,31.8 1 0
github.com/scrutineer/scrutineer/connector/browser/cdp/session.go:35.86,37.2 1 0
github.com/scrutineer/scrutineer/connector/browser/cdp/session.go:40.38,42.2 1 0
github.com/scrutineer/scrutineer/connector/browser/cdp/session.go:45.37,47.2 1 0
github.com/scrutineer/scrutineer/connector/browser/cdp/session.go:50.33,55.2 2 0
github.com/scrutineer/scrutineer/connector/browser/cdp/websocket.go:36.52,38.16 2 1
github.com/scrutineer/scrutineer/connector/browser/cdp/websocket.go:38.16,40.3 1 0
github.com/scrutineer/scrutineer/connector/browser/cdp/websocket.go:42.2,43.34 2 1
github.com/scrutineer/scrutineer/connector/browser/cdp/websocket.go:43.34,44.19 1 0
github.com/scrutineer/scrutineer/connector/browser/cdp/websocket.go:45.13,46.17 1 0
github.com/scrutineer/scrutineer/connector/browser/cdp/websocket.go:47.14,48.18 1 0
github.com/scrutineer/scrutineer/connector/browser/cdp/websocket.go:49.11,50.17 1 0
github.com/scrutineer/scrutineer/connector/browser/cdp/websocket.go:54.2,55.16 2 1
github.com/scrutineer/scrutineer/connector/browser/cdp/websocket.go:55.16,57.3 1 0
github.com/scrutineer/scrutineer/connector/browser/cdp/websocket.go:59.2,60.62 2 1
github.com/scrutineer/scrutineer/connector/browser/cdp/websocket.go:60.62,63.3 2 0
github.com/scrutineer/scrutineer/connector/browser/cdp/websocket.go:64.2,77.51 5 1
github.com/scrutineer/scrutineer/connector/browser/cdp/websocket.go:77.51,80.3 2 0
github.com/scrutineer/scrutineer/connector/browser/cdp/websocket.go:82.2,85.16 3 1
github.com/scrutineer/scrutineer/connector/browser/cdp/websocket.go:85.16,88.3 2 0
github.com/scrutineer/scrutineer/connector/browser/cdp/websocket.go:90.2,90.42 1 1
github.com/scrutineer/scrutineer/connector/browser/cdp/websocket.go:90.42,93.3 2 0
github.com/scrutineer/scrutineer/connector/browser/cdp/websocket.go:96.2,98.6 3 1
github.com/scrutineer/scrutineer/connector/browser/cdp/websocket.go:98.6,100.17 2 1
github.com/scrutineer/scrutineer/connector/browser/cdp/websocket.go:100.17,103.4 2 0
github.com/scrutineer/scrutineer/connector/browser/cdp/websocket.go:104.3,105.17 2 1
github.com/scrutineer/scrutineer/connector/browser/cdp/websocket.go:105.17,106.9 1 1
github.com/scrutineer/scrutineer/connector/browser/cdp/websocket.go:108.3,108.72 1 1
github.com/scrutineer/scrutineer/connector/browser/cdp/websocket.go:108.72,110.29 2 1
github.com/scrutineer/scrutineer/connector/browser/cdp/websocket.go:110.29,112.5 1 1
github.com/scrutineer/scrutineer/connector/browser/cdp/websocket.go:116.2,116.18 1 1
github.com/scrutineer/scrutineer/connector/browser/cdp/websocket.go:116.18,119.3 2 0
github.com/scrutineer/scrutineer/connector/browser/cdp/websocket.go:121.2,125.8 1 1
github.com/scrutineer/scrutineer/connector/browser/cdp/websocket.go:129.42,134.2 4 1
github.com/scrutineer/scrutineer/connector/browser/cdp/websocket.go:137.48,141.2 3 1
github.com/scrutineer/scrutineer/connector/browser/cdp/websocket.go:144.65,145.15 1 1
github.com/scrutineer/scrutineer/connector/browser/cdp/websocket.go:145.15,147.3 1 1
github.com/scrutineer/scrutineer/connector/browser/cdp/websocket.go:150.2,150.59 1 1
github.com/scrutineer/scrutineer/connector/browser/cdp/websocket.go:150.59,152.3 1 0
github.com/scrutineer/scrutineer/connector/browser/cdp/websocket.go:154.2,156.9 2 1
github.com/scrutineer/scrutineer/connector/browser/cdp/websocket.go:157.21,158.66 1 1
github.com/scrutineer/scrutineer/connector/browser/cdp/websocket.go:158.66,160.4 1 0
github.com/scrutineer/scrutineer/connector/browser/cdp/websocket.go:161.23,162.57 1 0
github.com/scrutineer/scrutineer/connector/browser/cdp/websocket.go:162.57,164.4 1 0
github.com/scrutineer/scrutineer/connector/browser/cdp/websocket.go:165.3,167.49 3 0
github.com/scrutineer/scrutineer/connector/browser/cdp/websocket.go:167.49,169.4 1 0
github.com/scrutineer/scrutineer/connector/browser/cdp/websocket.go:170.10,171.57 1 0
github.com/scrutineer/scrutineer/connector/browser/cdp/websocket.go:171.57,173.4 1 0
github.com/scrutineer/scrutineer/connector/browser/cdp/websocket.go:174.3,176.49 3 0
github.com/scrutineer/scrutineer/connector/browser/cdp/websocket.go:176.49,178.4 1 0
github.com/scrutineer/scrutineer/connector/browser/cdp/websocket.go:182.2,183.58 2 1
github.com/scrutineer/scrutineer/connector/browser/cdp/websocket.go:183.58,185.3 1 0
github.com/scrutineer/scrutineer/connector/browser/cdp/websocket.go:186.2,186.49 1 1
github.com/scrutineer/scrutineer/connector/browser/cdp/websocket.go:186.49,188.3 1 0
github.com/scrutineer/scrutineer/connector/browser/cdp/websocket.go:191.2,192.25 2 1
github.com/scrutineer/scrutineer/connector/browser/cdp/websocket.go:192.25,194.3 1 1
github.com/scrutineer/scrutineer/connector/browser/cdp/websocket.go:195.2,195.51 1 1
github.com/scrutineer/scrutineer/connector/browser/cdp/websocket.go:195.51,197.3 1 0
github.com/scrutineer/scrutineer/connector/browser/cdp/websocket.go:199.2,199.26 1 1
github.com/scrutineer/scrutineer/connector/browser/cdp/websocket.go:204.49,205.6 1 1
github.com/scrutineer/scrutineer/connector/browser/cdp/websocket.go:205.6,207.17 2 1
github.com/scrutineer/scrutineer/connector/browser/cdp/websocket.go:207.17,209.4 1 1
github.com/scrutineer/scrutineer/connector/browser/cdp/websocket.go:211.3,211.17 1 1
github.com/scrutineer/scrutineer/connector/browser/cdp/websocket.go:212.15,213.23 1 1
github.com/scrutineer/scrutineer/connector/browser/cdp/websocket.go:214.15,217.18 3 0
github.com/scrutineer/scrutineer/connector/browser/cdp/websocket.go:218.15,218.15 0 0
github.com/scrutineer/scrutineer/connector/browser/cdp/websocket.go:220.16,225.62 5 0
github.com/scrutineer/scrutineer/connector/browser/cdp/websocket.go:231.72,234.16 2 1
github.com/scrutineer/scrutineer/connector/browser/cdp/websocket.go:234.16,236.3 1 1
github.com/scrutineer/scrutineer/connector/browser/cdp/websocket.go:237.2,241.16 3 1
github.com/scrutineer/scrutineer/connector/browser/cdp/websocket.go:241.16,243.3 1 0
github.com/scrutineer/scrutineer/connector/browser/cdp/websocket.go:244.2,247.16 3 1
github.com/scrutineer/scrutineer/connector/browser/cdp/websocket.go:248.11,250.56 2 0
github.com/scrutineer/scrutineer/connector/browser/cdp/websocket.go:250.56,252.4 1 0
github.com/scrutineer/scrutineer/connector/browser/cdp/websocket.go:253.3,253.48 1 0
github.com/scrutineer/scrutineer/connector/browser/cdp/websocket.go:254.11,256.56 2 0
github.com/scrutineer/scrutineer/connector/browser/cdp/websocket.go:256.56,258.4 1 0
github.com/scrutineer/scrutineer/connector/browser/cdp/websocket.go:259.3,259.40 1 0
github.com/scrutineer/scrutineer/connector/browser/cdp/websocket.go:262.2,263.12 2 1
github.com/scrutineer/scrutineer/connector/browser/cdp/websocket.go:263.12,265.57 2 0
github.com/scrutineer/scrutineer/connector/browser/cdp/websocket.go:265.57,267.4 1 0
github.com/scrutineer/scrutineer/connector/browser/cdp/websocket.go:270.2,271.16 2 1
github.com/scrutineer/scrutineer/connector/browser/cdp/websocket.go:271.16,272.60 1 1
github.com/scrutineer/scrutineer/connector/browser/cdp/websocket.go:272.60,274.4 1 0
github.com/scrutineer/scrutineer/connector/browser/cdp/websocket.go:277.2,277.12 1 1
github.com/scrutineer/scrutineer/connector/browser/cdp/websocket.go:277.12,278.26 1 0
github.com/scrutineer/scrutineer/connector/browser/cdp/websocket.go:278.26,280.4 1 0
github.com/scrutineer/scrutineer/connector/browser/cdp/websocket.go:283.2,283.29 1 1
github.com/scrutineer/scrutineer/connector/browser/cdp/websocket.go:287.33,289.16 2 1
github.com/scrutineer/scrutineer/connector/browser/cdp/websocket.go:289.16,292.3 2 1
github.com/scrutineer/scrutineer/connector/browser/cdp/websocket.go:293.2,294.24 2 1
